<?xml version="1.0" encoding="utf-8" standalone="no"?>
<test-run id="0" runstate="Runnable" testcasecount="1" result="Failed" label="Error" total="1" passed="0" failed="1" warnings="0" inconclusive="0" skipped="0" asserts="0" engine-version="3.13.0.0" clr-version="4.0.30319.42000" start-time="2021-12-23 13:02:33Z" end-time="2021-12-23 13:02:33Z" duration="0.269205">
  <command-line><![CDATA["C:\Program Files\dotnet\nunit3-console.exe" C:\Users\Kseniya_Malchykava\source\repos\TestProject2\TestProject2\bin\Debug\netcoreapp3.1\TestProject2.dll]]></command-line>
  <test-suite type="Assembly" id="0" name="" fullname="" runstate="NotRunnable" testcasecount="1" result="Failed" label="Error" start-time="2021-12-23 13:02:33Z" end-time="2021-12-23 13:02:33Z" duration="0.001" total="1" passed="0" failed="1" inconclusive="0" skipped="0" asserts="0">
    <failure>
      <message><![CDATA[NUnit.Engine.NUnitEngineException : Unable to acquire remote process agent]]></message>
      <stack-trace><![CDATA[--NUnitEngineException
Unable to acquire remote process agent
   at NUnit.Engine.Runners.ProcessRunner.CreateAgentAndRunnerIfNeeded() in C:\Users\charlie\dev\NUnit\nunit-console\src\NUnitEngine\nunit.engine\Runners\ProcessRunner.cs:line 253
   at NUnit.Engine.Runners.ProcessRunner.RunTests(ITestEventListener listener, TestFilter filter) in C:\Users\charlie\dev\NUnit\nunit-console\src\NUnitEngine\nunit.engine\Runners\ProcessRunner.cs:line 138
]]></stack-trace>
    </failure>
  </test-suite>
</test-run>